d:\student\opengl\project_light\project_light\x64\debug\vc143.pdb
d:\student\opengl\project_light\project_light\x64\debug\vc143.idb
d:\student\opengl\project_light\project_light\x64\debug\source.obj
d:\student\opengl\project_light\project_light\x64\debug\shader.obj
d:\student\opengl\project_light\project_light\x64\debug\camera.obj
d:\student\opengl\project_light\project_light\x64\debug\mesh.obj
d:\student\opengl\project_light\project_light\x64\debug\model.obj
d:\student\opengl\project_light\project_light\x64\debug\source.obj.enc
d:\student\opengl\project_light\x64\debug\project_light.pdb
d:\student\opengl\project_light\project_light\x64\debug\project_light.tlog\cl.command.1.tlog
d:\student\opengl\project_light\project_light\x64\debug\project_light.tlog\cl.read.1.tlog
d:\student\opengl\project_light\project_light\x64\debug\project_light.tlog\cl.write.1.tlog
d:\student\opengl\project_light\project_light\x64\debug\project_light.tlog\link-cvtres.read.1.tlog
d:\student\opengl\project_light\project_light\x64\debug\project_light.tlog\link-cvtres.write.1.tlog
d:\student\opengl\project_light\project_light\x64\debug\project_light.tlog\link-rc.read.1.tlog
d:\student\opengl\project_light\project_light\x64\debug\project_light.tlog\link-rc.write.1.tlog
d:\student\opengl\project_light\project_light\x64\debug\project_light.tlog\link.39160-cvtres.read.1.tlog
d:\student\opengl\project_light\project_light\x64\debug\project_light.tlog\link.39160-cvtres.write.1.tlog
d:\student\opengl\project_light\project_light\x64\debug\project_light.tlog\link.39160-rc.read.1.tlog
d:\student\opengl\project_light\project_light\x64\debug\project_light.tlog\link.39160-rc.write.1.tlog
d:\student\opengl\project_light\project_light\x64\debug\project_light.tlog\link.39160.read.1.tlog
d:\student\opengl\project_light\project_light\x64\debug\project_light.tlog\link.39160.read.2.tlog
d:\student\opengl\project_light\project_light\x64\debug\project_light.tlog\link.39160.write.1.tlog
d:\student\opengl\project_light\project_light\x64\debug\project_light.tlog\link.command.1.tlog
d:\student\opengl\project_light\project_light\x64\debug\project_light.tlog\link.read.1.tlog
d:\student\opengl\project_light\project_light\x64\debug\project_light.tlog\link.read.2.tlog
d:\student\opengl\project_light\project_light\x64\debug\project_light.tlog\link.read.3.tlog
d:\student\opengl\project_light\project_light\x64\debug\project_light.tlog\link.write.1.tlog
